mode: set
demo.hello/apps/funcdiff/test/src2/main.go:8.20,10.2 1 0
demo.hello/apps/funcdiff/test/src2/main.go:12.48,13.19 1 0
demo.hello/apps/funcdiff/test/src2/main.go:18.2,18.34 1 0
demo.hello/apps/funcdiff/test/src2/main.go:21.2,22.9 2 0
demo.hello/apps/funcdiff/test/src2/main.go:13.19,15.3 1 0
demo.hello/apps/funcdiff/test/src2/main.go:18.34,20.3 1 0
demo.hello/apps/funcdiff/test/src2/main.go:25.14,29.2 3 1
demo.hello/apps/funcdiff/test/src2/main.go:31.17,33.2 1 0
demo.hello/apps/funcdiff/test/src2/main.go:35.31,37.10 1 0
demo.hello/apps/funcdiff/test/src2/main.go:37.10,39.3 1 0
demo.hello/apps/funcdiff/test/src2/main.go:39.8,40.10 1 0
demo.hello/apps/funcdiff/test/src2/main.go:40.10,41.36 1 0
demo.hello/apps/funcdiff/test/src2/main.go:44.4,44.30 1 0
demo.hello/apps/funcdiff/test/src2/main.go:41.36,42.15 1 0
demo.hello/apps/funcdiff/test/src2/main.go:54.37,56.2 1 1
demo.hello/apps/funcdiff/test/src2/main.go:58.13,61.2 1 0
