<?xml version="1.0" encoding="UTF-8"?>
<!DOCTYPE coverage SYSTEM "http://cobertura.sourceforge.net/xml/coverage-04.dtd">
<coverage line-rate="0.7411765" branch-rate="0" version="" timestamp="1603160608890" lines-covered="63" lines-valid="85" branches-covered="0" branches-valid="0" complexity="0">
	<sources>
		<source>/usr/local/go/src</source>
		<source>/Users/jinzheng/Workspaces/.go/src</source>
	</sources>
	<packages>
		<package name="demo.hello/apps/goserver" line-rate="0.7411765" branch-rate="0" complexity="0">
			<classes>
				<class name="-" filename="demo.hello/apps/goserver/main.go" line-rate="0.7411765" branch-rate="0" complexity="0">
					<methods>
						<method name="main" signature="" line-rate="0.8125" branch-rate="0" complexity="0">
							<lines>
								<line number="24" hits="2"></line>
								<line number="25" hits="2"></line>
								<line number="26" hits="2"></line>
								<line number="27" hits="2"></line>
								<line number="28" hits="2"></line>
								<line number="29" hits="2"></line>
								<line number="30" hits="2"></line>
								<line number="31" hits="2"></line>
								<line number="32" hits="2"></line>
								<line number="33" hits="2"></line>
								<line number="34" hits="2"></line>
								<line number="35" hits="2"></line>
								<line number="36" hits="1"></line>
								<line number="37" hits="1"></line>
								<line number="38" hits="1"></line>
								<line number="40" hits="2"></line>
								<line number="41" hits="2"></line>
								<line number="42" hits="2"></line>
								<line number="43" hits="2"></line>
								<line number="44" hits="2"></line>
								<line number="45" hits="2"></line>
								<line number="46" hits="2"></line>
								<line number="47" hits="2"></line>
								<line number="48" hits="2"></line>
								<line number="49" hits="2"></line>
								<line number="50" hits="2"></line>
								<line number="51" hits="2"></line>
								<line number="52" hits="2"></line>
								<line number="53" hits="2"></line>
								<line number="54" hits="2"></line>
								<line number="55" hits="2"></line>
								<line number="56" hits="2"></line>
								<line number="57" hits="2"></line>
								<line number="58" hits="2"></line>
								<line number="59" hits="2"></line>
								<line number="60" hits="2"></line>
								<line number="61" hits="2"></line>
								<line number="62" hits="0"></line>
								<line number="63" hits="0"></line>
								<line number="64" hits="0"></line>
								<line number="65" hits="0"></line>
								<line number="68" hits="2"></line>
								<line number="69" hits="2"></line>
								<line number="70" hits="0"></line>
								<line number="71" hits="0"></line>
								<line number="72" hits="0"></line>
								<line number="74" hits="0"></line>
								<line number="75" hits="0"></line>
							</lines>
						</method>
						<method name="index" signature="" line-rate="0.6" branch-rate="0" complexity="0">
							<lines>
								<line number="78" hits="2"></line>
								<line number="79" hits="1"></line>
								<line number="80" hits="0"></line>
								<line number="81" hits="0"></line>
								<line number="82" hits="0"></line>
								<line number="83" hits="0"></line>
								<line number="85" hits="1"></line>
								<line number="86" hits="1"></line>
								<line number="87" hits="1"></line>
								<line number="88" hits="1"></line>
							</lines>
						</method>
						<method name="healthz" signature="" line-rate="0.14285715" branch-rate="0" complexity="0">
							<lines>
								<line number="92" hits="2"></line>
								<line number="93" hits="0"></line>
								<line number="94" hits="0"></line>
								<line number="95" hits="0"></line>
								<line number="96" hits="0"></line>
								<line number="97" hits="0"></line>
								<line number="98" hits="0"></line>
							</lines>
						</method>
						<method name="tracing" signature="" line-rate="1" branch-rate="0" complexity="0">
							<lines>
								<line number="102" hits="2"></line>
								<line number="103" hits="2"></line>
								<line number="104" hits="1"></line>
								<line number="105" hits="1"></line>
								<line number="106" hits="1"></line>
								<line number="107" hits="1"></line>
								<line number="108" hits="1"></line>
								<line number="109" hits="1"></line>
								<line number="110" hits="1"></line>
								<line number="111" hits="1"></line>
							</lines>
						</method>
						<method name="logging" signature="" line-rate="0.7" branch-rate="0" complexity="0">
							<lines>
								<line number="116" hits="2"></line>
								<line number="117" hits="2"></line>
								<line number="118" hits="1"></line>
								<line number="119" hits="1"></line>
								<line number="120" hits="1"></line>
								<line number="121" hits="0"></line>
								<line number="122" hits="0"></line>
								<line number="123" hits="0"></line>
								<line number="124" hits="1"></line>
								<line number="126" hits="1"></line>
							</lines>
						</method>
					</methods>
					<lines>
						<line number="24" hits="2"></line>
						<line number="25" hits="2"></line>
						<line number="26" hits="2"></line>
						<line number="27" hits="2"></line>
						<line number="28" hits="2"></line>
						<line number="29" hits="2"></line>
						<line number="30" hits="2"></line>
						<line number="31" hits="2"></line>
						<line number="32" hits="2"></line>
						<line number="33" hits="2"></line>
						<line number="34" hits="2"></line>
						<line number="35" hits="2"></line>
						<line number="36" hits="1"></line>
						<line number="37" hits="1"></line>
						<line number="38" hits="1"></line>
						<line number="40" hits="2"></line>
						<line number="41" hits="2"></line>
						<line number="42" hits="2"></line>
						<line number="43" hits="2"></line>
						<line number="44" hits="2"></line>
						<line number="45" hits="2"></line>
						<line number="46" hits="2"></line>
						<line number="47" hits="2"></line>
						<line number="48" hits="2"></line>
						<line number="49" hits="2"></line>
						<line number="50" hits="2"></line>
						<line number="51" hits="2"></line>
						<line number="52" hits="2"></line>
						<line number="53" hits="2"></line>
						<line number="54" hits="2"></line>
						<line number="55" hits="2"></line>
						<line number="56" hits="2"></line>
						<line number="57" hits="2"></line>
						<line number="58" hits="2"></line>
						<line number="59" hits="2"></line>
						<line number="60" hits="2"></line>
						<line number="61" hits="2"></line>
						<line number="62" hits="0"></line>
						<line number="63" hits="0"></line>
						<line number="64" hits="0"></line>
						<line number="65" hits="0"></line>
						<line number="68" hits="2"></line>
						<line number="69" hits="2"></line>
						<line number="70" hits="0"></line>
						<line number="71" hits="0"></line>
						<line number="72" hits="0"></line>
						<line number="74" hits="0"></line>
						<line number="75" hits="0"></line>
						<line number="78" hits="2"></line>
						<line number="79" hits="1"></line>
						<line number="80" hits="0"></line>
						<line number="81" hits="0"></line>
						<line number="82" hits="0"></line>
						<line number="83" hits="0"></line>
						<line number="85" hits="1"></line>
						<line number="86" hits="1"></line>
						<line number="87" hits="1"></line>
						<line number="88" hits="1"></line>
						<line number="92" hits="2"></line>
						<line number="93" hits="0"></line>
						<line number="94" hits="0"></line>
						<line number="95" hits="0"></line>
						<line number="96" hits="0"></line>
						<line number="97" hits="0"></line>
						<line number="98" hits="0"></line>
						<line number="102" hits="2"></line>
						<line number="103" hits="2"></line>
						<line number="104" hits="1"></line>
						<line number="105" hits="1"></line>
						<line number="106" hits="1"></line>
						<line number="107" hits="1"></line>
						<line number="108" hits="1"></line>
						<line number="109" hits="1"></line>
						<line number="110" hits="1"></line>
						<line number="111" hits="1"></line>
						<line number="116" hits="2"></line>
						<line number="117" hits="2"></line>
						<line number="118" hits="1"></line>
						<line number="119" hits="1"></line>
						<line number="120" hits="1"></line>
						<line number="121" hits="0"></line>
						<line number="122" hits="0"></line>
						<line number="123" hits="0"></line>
						<line number="124" hits="1"></line>
						<line number="126" hits="1"></line>
					</lines>
				</class>
			</classes>
		</package>
	</packages>
</coverage>
